==1118879== Memcheck, a memory error detector
==1118879== Copyright (C) 2002-2017, and GNU GPL'd, by Julian Seward et al.
==1118879== Using Valgrind-3.15.0 and LibVEX; rerun with -h for copyright info
==1118879== Command: ./mkl 1024 10
==1118879== 
Matriz size: 1024 x 1024 (1048576 elements)
104379 non-zero elements (9.95%)

Dense computation
----------------
Time taken by CBLAS (MKL) dense computation: 709 ms
Time taken by my dense matrix-vector product (MKL): 40 ms
Result is ok!
Time taken by MKL (CSR) sparse matrix - vector product: 17 ms
Result is ok!
Time taken by my csr matrix (MKL) - vector product: 4 ms
Result is ok!
Time taken by MKL (CSC) sparse matrix - vector product: 14 ms
Result is ok!
Time taken by my csc matrix (MKL) - vector product: 5 ms
Result is ok!
Time taken by MKL (COO) sparse matrix - vector product: 13 ms
Result is ok!
Time taken by my coo matrix (MKL) - vector product: 5 ms
Result is ok!
==1118879== 
==1118879== HEAP SUMMARY:
==1118879==     in use at exit: 3,186 bytes in 9 blocks
==1118879==   total heap usage: 70 allocs, 61 frees, 19,120,904 bytes allocated
==1118879== 
==1118879== 72 bytes in 1 blocks are still reachable in loss record 1 of 6
==1118879==    at 0x4039B85: calloc (in /mnt/netapp1/Optcesga_FT2_RHEL7/2020/gentoo/22072020/usr/lib64/valgrind/vgpreload_memcheck-amd64-linux.so)
==1118879==    by 0x40112AC: _dl_check_map_versions (in /usr/lib64/ld-2.28.so)
==1118879==    by 0x4013BF5: dl_open_worker (in /usr/lib64/ld-2.28.so)
==1118879==    by 0xF7C5233: _dl_catch_exception (in /usr/lib64/libc-2.28.so)
==1118879==    by 0x40136B0: _dl_open (in /usr/lib64/ld-2.28.so)
==1118879==    by 0xF48A1F9: dlopen_doit (in /usr/lib64/libdl-2.28.so)
==1118879==    by 0xF7C5233: _dl_catch_exception (in /usr/lib64/libc-2.28.so)
==1118879==    by 0xF7C52F2: _dl_catch_error (in /usr/lib64/libc-2.28.so)
==1118879==    by 0xF48A978: _dlerror_run (in /usr/lib64/libdl-2.28.so)
==1118879==    by 0xF48A299: dlopen@@GLIBC_2.2.5 (in /usr/lib64/libdl-2.28.so)
==1118879==    by 0x66D7998: MKL_Load_Lib (in /mnt/netapp1/Optcesga_FT2_RHEL7/2020/software/Core/imkl/2021.3.0/mkl/2021.3.0/lib/intel64/libmkl_core.so.1)
==1118879==    by 0x66D70C9: __mkl_cpu_detect_and_load_dll (in /mnt/netapp1/Optcesga_FT2_RHEL7/2020/software/Core/imkl/2021.3.0/mkl/2021.3.0/lib/intel64/libmkl_core.so.1)
==1118879== 
==1118879== 88 bytes in 1 blocks are still reachable in loss record 2 of 6
==1118879==    at 0x403779F: malloc (in /mnt/netapp1/Optcesga_FT2_RHEL7/2020/gentoo/22072020/usr/lib64/valgrind/vgpreload_memcheck-amd64-linux.so)
==1118879==    by 0x400BA4C: _dl_lookup_symbol_x (in /usr/lib64/ld-2.28.so)
==1118879==    by 0x400C914: _dl_relocate_object (in /usr/lib64/ld-2.28.so)
==1118879==    by 0x4013CE5: dl_open_worker (in /usr/lib64/ld-2.28.so)
==1118879==    by 0xF7C5233: _dl_catch_exception (in /usr/lib64/libc-2.28.so)
==1118879==    by 0x40136B0: _dl_open (in /usr/lib64/ld-2.28.so)
==1118879==    by 0xF48A1F9: dlopen_doit (in /usr/lib64/libdl-2.28.so)
==1118879==    by 0xF7C5233: _dl_catch_exception (in /usr/lib64/libc-2.28.so)
==1118879==    by 0xF7C52F2: _dl_catch_error (in /usr/lib64/libc-2.28.so)
==1118879==    by 0xF48A978: _dlerror_run (in /usr/lib64/libdl-2.28.so)
==1118879==    by 0xF48A299: dlopen@@GLIBC_2.2.5 (in /usr/lib64/libdl-2.28.so)
==1118879==    by 0x66D7998: MKL_Load_Lib (in /mnt/netapp1/Optcesga_FT2_RHEL7/2020/software/Core/imkl/2021.3.0/mkl/2021.3.0/lib/intel64/libmkl_core.so.1)
==1118879== 
==1118879== 150 bytes in 2 blocks are still reachable in loss record 3 of 6
==1118879==    at 0x403779F: malloc (in /mnt/netapp1/Optcesga_FT2_RHEL7/2020/gentoo/22072020/usr/lib64/valgrind/vgpreload_memcheck-amd64-linux.so)
==1118879==    by 0x401EB9E: strdup (in /usr/lib64/ld-2.28.so)
==1118879==    by 0x4009487: _dl_map_object (in /usr/lib64/ld-2.28.so)
==1118879==    by 0x4013B48: dl_open_worker (in /usr/lib64/ld-2.28.so)
==1118879==    by 0xF7C5233: _dl_catch_exception (in /usr/lib64/libc-2.28.so)
==1118879==    by 0x40136B0: _dl_open (in /usr/lib64/ld-2.28.so)
==1118879==    by 0xF48A1F9: dlopen_doit (in /usr/lib64/libdl-2.28.so)
==1118879==    by 0xF7C5233: _dl_catch_exception (in /usr/lib64/libc-2.28.so)
==1118879==    by 0xF7C52F2: _dl_catch_error (in /usr/lib64/libc-2.28.so)
==1118879==    by 0xF48A978: _dlerror_run (in /usr/lib64/libdl-2.28.so)
==1118879==    by 0xF48A299: dlopen@@GLIBC_2.2.5 (in /usr/lib64/libdl-2.28.so)
==1118879==    by 0x66D7998: MKL_Load_Lib (in /mnt/netapp1/Optcesga_FT2_RHEL7/2020/software/Core/imkl/2021.3.0/mkl/2021.3.0/lib/intel64/libmkl_core.so.1)
==1118879== 
==1118879== 150 bytes in 2 blocks are still reachable in loss record 4 of 6
==1118879==    at 0x403779F: malloc (in /mnt/netapp1/Optcesga_FT2_RHEL7/2020/gentoo/22072020/usr/lib64/valgrind/vgpreload_memcheck-amd64-linux.so)
==1118879==    by 0x400BF98: _dl_new_object (in /usr/lib64/ld-2.28.so)
==1118879==    by 0x40065F6: _dl_map_object_from_fd (in /usr/lib64/ld-2.28.so)
==1118879==    by 0x4009504: _dl_map_object (in /usr/lib64/ld-2.28.so)
==1118879==    by 0x4013B48: dl_open_worker (in /usr/lib64/ld-2.28.so)
==1118879==    by 0xF7C5233: _dl_catch_exception (in /usr/lib64/libc-2.28.so)
==1118879==    by 0x40136B0: _dl_open (in /usr/lib64/ld-2.28.so)
==1118879==    by 0xF48A1F9: dlopen_doit (in /usr/lib64/libdl-2.28.so)
==1118879==    by 0xF7C5233: _dl_catch_exception (in /usr/lib64/libc-2.28.so)
==1118879==    by 0xF7C52F2: _dl_catch_error (in /usr/lib64/libc-2.28.so)
==1118879==    by 0xF48A978: _dlerror_run (in /usr/lib64/libdl-2.28.so)
==1118879==    by 0xF48A299: dlopen@@GLIBC_2.2.5 (in /usr/lib64/libdl-2.28.so)
==1118879== 
==1118879== 208 bytes in 1 blocks are still reachable in loss record 5 of 6
==1118879==    at 0x403779F: malloc (in /mnt/netapp1/Optcesga_FT2_RHEL7/2020/gentoo/22072020/usr/lib64/valgrind/vgpreload_memcheck-amd64-linux.so)
==1118879==    by 0x401349E: add_to_global_resize (in /usr/lib64/ld-2.28.so)
==1118879==    by 0x40142A7: dl_open_worker (in /usr/lib64/ld-2.28.so)
==1118879==    by 0xF7C5233: _dl_catch_exception (in /usr/lib64/libc-2.28.so)
==1118879==    by 0x40136B0: _dl_open (in /usr/lib64/ld-2.28.so)
==1118879==    by 0xF48A1F9: dlopen_doit (in /usr/lib64/libdl-2.28.so)
==1118879==    by 0xF7C5233: _dl_catch_exception (in /usr/lib64/libc-2.28.so)
==1118879==    by 0xF7C52F2: _dl_catch_error (in /usr/lib64/libc-2.28.so)
==1118879==    by 0xF48A978: _dlerror_run (in /usr/lib64/libdl-2.28.so)
==1118879==    by 0xF48A299: dlopen@@GLIBC_2.2.5 (in /usr/lib64/libdl-2.28.so)
==1118879==    by 0x66D7998: MKL_Load_Lib (in /mnt/netapp1/Optcesga_FT2_RHEL7/2020/software/Core/imkl/2021.3.0/mkl/2021.3.0/lib/intel64/libmkl_core.so.1)
==1118879==    by 0x66D7071: __mkl_cpu_detect_and_load_dll (in /mnt/netapp1/Optcesga_FT2_RHEL7/2020/software/Core/imkl/2021.3.0/mkl/2021.3.0/lib/intel64/libmkl_core.so.1)
==1118879== 
==1118879== 2,518 bytes in 2 blocks are still reachable in loss record 6 of 6
==1118879==    at 0x4039B85: calloc (in /mnt/netapp1/Optcesga_FT2_RHEL7/2020/gentoo/22072020/usr/lib64/valgrind/vgpreload_memcheck-amd64-linux.so)
==1118879==    by 0x400BDA6: _dl_new_object (in /usr/lib64/ld-2.28.so)
==1118879==    by 0x40065F6: _dl_map_object_from_fd (in /usr/lib64/ld-2.28.so)
==1118879==    by 0x4009504: _dl_map_object (in /usr/lib64/ld-2.28.so)
==1118879==    by 0x4013B48: dl_open_worker (in /usr/lib64/ld-2.28.so)
==1118879==    by 0xF7C5233: _dl_catch_exception (in /usr/lib64/libc-2.28.so)
==1118879==    by 0x40136B0: _dl_open (in /usr/lib64/ld-2.28.so)
==1118879==    by 0xF48A1F9: dlopen_doit (in /usr/lib64/libdl-2.28.so)
==1118879==    by 0xF7C5233: _dl_catch_exception (in /usr/lib64/libc-2.28.so)
==1118879==    by 0xF7C52F2: _dl_catch_error (in /usr/lib64/libc-2.28.so)
==1118879==    by 0xF48A978: _dlerror_run (in /usr/lib64/libdl-2.28.so)
==1118879==    by 0xF48A299: dlopen@@GLIBC_2.2.5 (in /usr/lib64/libdl-2.28.so)
==1118879== 
==1118879== LEAK SUMMARY:
==1118879==    definitely lost: 0 bytes in 0 blocks
==1118879==    indirectly lost: 0 bytes in 0 blocks
==1118879==      possibly lost: 0 bytes in 0 blocks
==1118879==    still reachable: 3,186 bytes in 9 blocks
==1118879==         suppressed: 0 bytes in 0 blocks
==1118879== 
==1118879== For lists of detected and suppressed errors, rerun with: -s
==1118879== ERROR SUMMARY: 0 errors from 0 contexts (suppressed: 0 from 0)
